https://www.youtube.com/watch?v=gwIcgyqioPo
https://www.youtube.com/watch?v=CwjV6MDU9E8
https://www.youtube.com/watch?v=oa1QJL7tv4g
https://www.youtube.com/watch?v=mE45MLeTUOw
https://www.youtube.com/watch?v=_uiqV7p3fwM
https://www.youtube.com/watch?v=wexzvClUcUk
https://www.youtube.com/watch?v=tt4TF1wqz9U
https://www.youtube.com/watch?v=DSaj9qMwvLI
https://www.youtube.com/watch?v=yKCUTZaKgNA
https://www.youtube.com/watch?v=OUAWJRALAzQ
https://www.youtube.com/watch?v=LOS5WB75gkY
https://www.youtube.com/watch?v=05SLQsbY310
https://www.youtube.com/watch?v=e6ME0UGNwNQ
https://www.youtube.com/watch?v=aRs0k5pPXQo
https://www.youtube.com/watch?v=9cg3wsfoU40
https://www.youtube.com/watch?v=qNrJbE0U5fg
https://www.youtube.com/watch?v=nxFUViPHEnc
https://www.youtube.com/watch?v=Y5q2CaJxVXg
https://www.youtube.com/watch?v=591eurlufSo
https://www.youtube.com/watch?v=LeXArY1x9zo
https://www.youtube.com/watch?v=ec_OJbZ4ByQ
https://www.youtube.com/watch?v=hqHWFrG1my8
https://www.youtube.com/watch?v=R-oBT97ujqQ
https://www.youtube.com/watch?v=1kEXoDqDMMA
https://www.youtube.com/watch?v=2vwi5y5UKgk
https://www.youtube.com/watch?v=B3LilEisx_s
https://www.youtube.com/watch?v=gbegsiuprlA
https://www.youtube.com/watch?v=ojbMAVRG_o4
https://www.youtube.com/watch?v=X9WfTOwx05g
https://www.youtube.com/watch?v=utwNhk3nmVU
https://www.youtube.com/watch?v=LrjlW00kkws
https://www.youtube.com/watch?v=HgVBxs5G1zE
https://www.youtube.com/watch?v=pzCuKh7QyOA
https://www.youtube.com/watch?v=J8JCvKDqkj8
https://www.youtube.com/watch?v=H7GYeKu9L_8
https://www.youtube.com/watch?v=w69hIDMXSaw
https://www.youtube.com/watch?v=2HkUPY2eo4E
https://www.youtube.com/watch?v=fL1WMdft3OE
https://www.youtube.com/watch?v=zAvkbjxA7UY
https://www.youtube.com/watch?v=Azp4Wd8Vb8E
https://www.youtube.com/watch?v=2ftkADtZKAc
https://www.youtube.com/watch?v=o-IMRj3ajPY
